<?xml version="1.0" encoding="UTF-8"?>
<!-- Generated by org.testng.reporters.JUnitXMLReporter -->
<testsuite ignored="2" hostname="Cruise" failures="0" tests="0" name="Test the Group Depends" time="0.001" errors="0" timestamp="03 Oct 2021 13:45:47 GMT">
  <testcase classname="com.sk.testngsamples.GroupsDepends" name="aGroupTest" time="0.0">
    <ignored/>
  </testcase> <!-- aGroupTest -->
  <testcase classname="com.sk.testngsamples.GroupsDepends" name="dGroupTest" time="0.0">
    <ignored/>
  </testcase> <!-- dGroupTest -->
</testsuite> <!-- Test the Group Depends -->
