<?xml version="1.0" encoding="UTF-8"?>
<!-- Generated by org.testng.reporters.JUnitXMLReporter -->
<testsuite ignored="0" hostname="Cruise" failures="0" tests="3" name="Test the Priority of Execution" time="0.076" errors="0" timestamp="02 Oct 2021 05:42:01 GMT">
  <testcase classname="com.sk.testngsamples.PriorityOfExecutionTest" name="cTest" time="0.018"/>
  <testcase classname="com.sk.testngsamples.PriorityOfExecutionTest" name="bTest" time="0.017"/>
  <testcase classname="com.sk.testngsamples.PriorityOfExecutionTest" name="aTest" time="0.003"/>
</testsuite> <!-- Test the Priority of Execution -->
