<?xml version="1.0" encoding="UTF-8"?>
<!-- Generated by org.testng.reporters.JUnitXMLReporter -->
<testsuite ignored="1" hostname="Cruise" failures="0" tests="1" name="Test the Other" time="0.023" errors="0" timestamp="03 Oct 2021 13:45:47 GMT">
  <testcase classname="com.sk.testngsamples.AnnontationsTest" name="aTest" time="0.005"/>
  <testcase classname="com.sk.testngsamples.AnnontationsTest" name="bTest" time="0.0">
    <ignored/>
  </testcase> <!-- bTest -->
</testsuite> <!-- Test the Other -->
