<?xml version="1.0" encoding="UTF-8"?>
<!-- Generated by org.testng.reporters.JUnitXMLReporter -->
<testsuite ignored="4" hostname="Cruise" failures="0" tests="0" time="0.002" errors="0" timestamp="02 Oct 2021 13:05:28 GMT">
  <testcase classname="com.sk.testngsamples.GroupsDepends" name="bGroupTest" time="0.0">
    <ignored/>
  </testcase> <!-- bGroupTest -->
  <testcase classname="com.sk.testngsamples.GroupsDepends" name="aGroupTest" time="0.0">
    <ignored/>
  </testcase> <!-- aGroupTest -->
  <testcase classname="com.sk.testngsamples.GroupsDepends" name="dGroupTest" time="0.0">
    <ignored/>
  </testcase> <!-- dGroupTest -->
  <testcase classname="com.sk.testngsamples.GroupsDepends" name="cGroupTest" time="0.0">
    <ignored/>
  </testcase> <!-- cGroupTest -->
</testsuite>
