<?xml version="1.0" encoding="UTF-8"?>
<!-- Generated by org.testng.reporters.JUnitXMLReporter -->
<testsuite ignored="0" hostname="Cruise" failures="1" tests="3" name="Test" time="0.063" errors="0" timestamp="13 Oct 2020 14:00:15 GMT">
  <testcase classname="testcases.TestCase2" name="doLogin" time="0.007"/>
  <testcase classname="testcases.TestCase2" name="doUserReg" time="0.003">
    <failure type="java.lang.AssertionError" message="User Reg Test Failed">
      <![CDATA[java.lang.AssertionError: User Reg Test Failed
at testcases.TestCase2.doUserReg(TestCase2.java:18)
... Removed 26 stack frames]]>
    </failure>
  </testcase> <!-- doUserReg -->
  <testcase classname="testcases.TestCase2" name="isSkip" time="0.003">
    <skipped/>
  </testcase> <!-- isSkip -->
</testsuite> <!-- Test -->
