<?xml version="1.0" encoding="UTF-8"?>
<!-- Generated by org.testng.reporters.JUnitXMLReporter -->
<testsuite ignored="0" hostname="Cruise" failures="0" tests="3" name=" Test" time="0.079" errors="0" timestamp="02 Oct 2021 03:03:17 GMT">
  <testcase classname="com.sk.testngsamples.OrderOfExecutionTest" name="aTest" time="0.014"/>
  <testcase classname="com.sk.testngsamples.OrderOfExecutionTest" name="bTest" time="0.014"/>
  <testcase classname="com.sk.testngsamples.OrderOfExecutionTest" name="cTest" time="0.014"/>
</testsuite> <!--  Test -->
