<?xml version="1.0" encoding="UTF-8"?>
<testng-results ignored="0" total="1" passed="1" failed="0" skipped="0">
  <reporter-output>
  </reporter-output>
  <suite started-at="2021-10-02T15:37:45Z" name="Default suite" finished-at="2021-10-02T15:37:47Z" duration-ms="2275">
    <groups>
    </groups>
    <test started-at="2021-10-02T15:37:45Z" name="Default test" finished-at="2021-10-02T15:37:47Z" duration-ms="2275">
      <class name="com.sk.testcases.BankManagerLoginTest">
        <test-method is-config="true" signature="setUp()[pri:0, instance:com.sk.testcases.BankManagerLoginTest@64c63c79]" started-at="2021-10-02T15:37:40Z" name="setUp" finished-at="2021-10-02T15:37:45Z" duration-ms="4679" status="PASS">
          <reporter-output>
          </reporter-output>
        </test-method> <!-- setUp -->
        <test-method signature="bankManagerLoginTest()[pri:0, instance:com.sk.testcases.BankManagerLoginTest@64c63c79]" started-at="2021-10-02T15:37:45Z" name="bankManagerLoginTest" finished-at="2021-10-02T15:37:47Z" duration-ms="2210" status="PASS">
          <reporter-output>
          </reporter-output>
        </test-method> <!-- bankManagerLoginTest -->
        <test-method is-config="true" signature="tearDown()[pri:0, instance:com.sk.testcases.BankManagerLoginTest@64c63c79]" started-at="2021-10-02T15:37:47Z" name="tearDown" finished-at="2021-10-02T15:37:48Z" duration-ms="681" status="PASS">
          <reporter-output>
          </reporter-output>
        </test-method> <!-- tearDown -->
      </class> <!-- com.sk.testcases.BankManagerLoginTest -->
    </test> <!-- Default test -->
  </suite> <!-- Default suite -->
</testng-results>
